<?xml version="1.0" encoding="UTF-8"?>
<!-- Generated by org.testng.reporters.JUnitReportReporter -->
<testsuite hostname="DESKTOP-BPH1BJD" failures="0" tests="2" name="testng_tutorial.demo2" time="0.004" errors="0" timestamp="2021-12-10T11:52:10 IST" skipped="0">
  <testcase classname="testng_tutorial.demo2" name="demo2" time="0.002"/>
  <system-out/>
  <testcase classname="testng_tutorial.demo2" name="demo1" time="0.002"/>
  <system-out/>
</testsuite> <!-- testng_tutorial.demo2 -->
