<?xml version="1.0" encoding="UTF-8"?>
<!-- Generated by org.testng.reporters.JUnitReportReporter -->
<testsuite hostname="DESKTOP-BPH1BJD" failures="0" tests="1" name="testng_tutorial.demo" time="0.007" errors="0" timestamp="2021-12-11T16:56:19 IST" skipped="0">
  <testcase classname="testng_tutorial.demo" name="demo1" time="0.007"/>
  <system-out/>
</testsuite> <!-- testng_tutorial.demo -->
