<?xml version="1.0" encoding="UTF-8"?>
<!-- Generated by org.testng.reporters.JUnitReportReporter -->
<testsuite hostname="DESKTOP-BPH1BJD" failures="0" tests="3" name="testng_tutorial.demo3" time="0.007" errors="0" timestamp="2021-12-11T16:56:19 IST" skipped="1">
  <testcase classname="testng_tutorial.demo3" name="weblogincarloan" time="0.003"/>
  <system-out/>
  <testcase classname="testng_tutorial.demo3" name="loginAPIcarloan" time="0.004"/>
  <system-out/>
  <testcase classname="testng_tutorial.demo3" name="mobilelogoutcarloan">
    <skipped/>
  </testcase> <!-- mobilelogoutcarloan -->
  <system-out/>
</testsuite> <!-- testng_tutorial.demo3 -->
